[debug] [2024-07-30T21:12:21.125Z] ----------------------------------------------------------------------
[debug] [2024-07-30T21:12:21.127Z] Command:       /opt/homebrew/Cellar/node/22.4.1/bin/node /opt/homebrew/bin/firebase init
[debug] [2024-07-30T21:12:21.127Z] CLI Version:   13.14.2
[debug] [2024-07-30T21:12:21.127Z] Platform:      darwin
[debug] [2024-07-30T21:12:21.127Z] Node Version:  v22.4.1
[debug] [2024-07-30T21:12:21.128Z] Time:          Tue Jul 30 2024 16:12:21 GMT-0500 (Central Daylight Time)
[debug] [2024-07-30T21:12:21.128Z] ----------------------------------------------------------------------
[debug] 
[debug] [2024-07-30T21:12:21.133Z] > command requires scopes: ["email","openid","https://www.googleapis.com/auth/cloudplatformprojects.readonly","https://www.googleapis.com/auth/firebase","https://www.googleapis.com/auth/cloud-platform"]
[debug] [2024-07-30T21:12:21.133Z] > authorizing via signed-in user (sakshirpatel29062002@gmail.com)
[info] 
     ######## #### ########  ######## ########     ###     ######  ########
     ##        ##  ##     ## ##       ##     ##  ##   ##  ##       ##
     ######    ##  ########  ######   ########  #########  ######  ######
     ##        ##  ##    ##  ##       ##     ## ##     ##       ## ##
     ##       #### ##     ## ######## ########  ##     ##  ######  ########

You're about to initialize a Firebase project in this directory:

  /Users/sakshipatel29/Documents/firebase-project

[info] 
=== Project Setup
[info] 
[info] First, let's associate this project directory with a Firebase project.
[info] You can create multiple project aliases by running firebase use --add, 
[info] but for now we'll just set up a default project.
[info] 
[debug] [2024-07-30T21:13:19.921Z] >>> [apiv2][query] GET https://firebase.googleapis.com/v1beta1/projects pageSize=100
[debug] [2024-07-30T21:13:20.252Z] <<< [apiv2][status] GET https://firebase.googleapis.com/v1beta1/projects 200
[debug] [2024-07-30T21:13:20.252Z] <<< [apiv2][body] GET https://firebase.googleapis.com/v1beta1/projects [omitted]
[info] i  Using project fir-project-40c70 (firebase-project) 
[info] 
=== Hosting Setup
[debug] [2024-07-30T21:13:34.872Z] >>> [apiv2][query] GET https://firebase.googleapis.com/v1beta1/projects/fir-project-40c70 [none]
[debug] [2024-07-30T21:13:35.049Z] <<< [apiv2][status] GET https://firebase.googleapis.com/v1beta1/projects/fir-project-40c70 200
[debug] [2024-07-30T21:13:35.049Z] <<< [apiv2][body] GET https://firebase.googleapis.com/v1beta1/projects/fir-project-40c70 {"projectId":"fir-project-40c70","projectNumber":"311393081568","displayName":"firebase-project","name":"projects/fir-project-40c70","resources":{"hostingSite":"fir-project-40c70"},"state":"ACTIVE","etag":"1_41879134-1973-4371-90cd-fffcb2260c5c"}
[info] 
[info] Your public directory is the folder (relative to your project directory) that
[info] will contain Hosting assets to be uploaded with firebase deploy. If you
[info] have a build process for your assets, use your build's output directory.
[info] 
[info] ✔  Wrote public/404.html 
[debug] [2024-07-30T21:14:49.372Z] >>> [apiv2][query] GET https://www.gstatic.com/firebasejs/releases.json [none]
[debug] [2024-07-30T21:14:49.566Z] <<< [apiv2][status] GET https://www.gstatic.com/firebasejs/releases.json 200
[debug] [2024-07-30T21:14:49.566Z] <<< [apiv2][body] GET https://www.gstatic.com/firebasejs/releases.json {"current":{"version":"10.12.4","browserURL":"https://www.gstatic.com/firebasejs/10.12.4/firebase.js","packageURL":"https://www.gstatic.com/firebasejs/10.12.4/firebase.tgz"},"live":{"version":"10.12","browserURL":"https://www.gstatic.com/firebasejs/live/10.12/firebase.js","packageURL":"https://www.gstatic.com/firebasejs/live/10.12/firebase.tgz"},"components":{"analytics":"https://www.gstatic.com/firebasejs/10.12.4/firebase-analytics.js","app":"https://www.gstatic.com/firebasejs/10.12.4/firebase-app.js","app-check":"https://www.gstatic.com/firebasejs/10.12.4/firebase-app-check.js","auth":"https://www.gstatic.com/firebasejs/10.12.4/firebase-auth.js","auth/cordova":"https://www.gstatic.com/firebasejs/10.12.4/firebase-auth/cordova.js","auth/web-extension":"https://www.gstatic.com/firebasejs/10.12.4/firebase-auth/web-extension.js","functions":"https://www.gstatic.com/firebasejs/10.12.4/firebase-functions.js","firestore":"https://www.gstatic.com/firebasejs/10.12.4/firebase-firestore.js","firestore/lite":"https://www.gstatic.com/firebasejs/10.12.4/firebase-firestore/lite.js","installations":"https://www.gstatic.com/firebasejs/10.12.4/firebase-installations.js","storage":"https://www.gstatic.com/firebasejs/10.12.4/firebase-storage.js","performance":"https://www.gstatic.com/firebasejs/10.12.4/firebase-performance.js","remote-config":"https://www.gstatic.com/firebasejs/10.12.4/firebase-remote-config.js","messaging":"https://www.gstatic.com/firebasejs/10.12.4/firebase-messaging.js","messaging/sw":"https://www.gstatic.com/firebasejs/10.12.4/firebase-messaging/sw.js","database":"https://www.gstatic.com/firebasejs/10.12.4/firebase-database.js","vertexai-preview":"https://www.gstatic.com/firebasejs/10.12.4/firebase-vertexai-preview.js","firestore.memory":"https://www.gstatic.com/firebasejs/10.12.4/firebase-firestore.memory.js"}}
[info] i  Skipping write of public/index.html 
[info] 
[info] i  Detected a .git folder at /Users/sakshipatel29/Documents/firebase-project 
[info] i  Authorizing with GitHub to upload your service account to a GitHub repository's secrets store. 
[info] 
[info] Visit this URL on this device to log in:
[info] https://github.com/login/oauth/authorize?client_id=89cf50f02ac6aaed3484&state=1001933867&redirect_uri=http%3A%2F%2Flocalhost%3A9005&scope=read%3Auser%20repo%20public_repo
[info] 
[info] Waiting for authentication...
[debug] [2024-07-30T21:15:36.947Z] >>> [apiv2][query] POST https://github.com/login/oauth/access_token [none]
[debug] [2024-07-30T21:15:36.947Z] >>> [apiv2][body] POST https://github.com/login/oauth/access_token [stream]
[debug] [2024-07-30T21:15:37.223Z] <<< [apiv2][status] POST https://github.com/login/oauth/access_token 200
[debug] [2024-07-30T21:15:37.223Z] <<< [apiv2][body] POST https://github.com/login/oauth/access_token {"access_token":"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","token_type":"bearer","scope":"read:user,repo"}
[debug] [2024-07-30T21:15:37.228Z] >>> [apiv2][query] GET https://api.github.com/user [none]
[debug] [2024-07-30T21:15:37.479Z] <<< [apiv2][status] GET https://api.github.com/user 200
[debug] [2024-07-30T21:15:37.479Z] <<< [apiv2][body] GET https://api.github.com/user {"login":"sakshipatel29","id":76114332,"node_id":"MDQ6VXNlcjc2MTE0MzMy","avatar_url":"https://avatars.githubusercontent.com/u/76114332?v=4","gravatar_id":"","url":"https://api.github.com/users/sakshipatel29","html_url":"https://github.com/sakshipatel29","followers_url":"https://api.github.com/users/sakshipatel29/followers","following_url":"https://api.github.com/users/sakshipatel29/following{/other_user}","gists_url":"https://api.github.com/users/sakshipatel29/gists{/gist_id}","starred_url":"https://api.github.com/users/sakshipatel29/starred{/owner}{/repo}","subscriptions_url":"https://api.github.com/users/sakshipatel29/subscriptions","organizations_url":"https://api.github.com/users/sakshipatel29/orgs","repos_url":"https://api.github.com/users/sakshipatel29/repos","events_url":"https://api.github.com/users/sakshipatel29/events{/privacy}","received_events_url":"https://api.github.com/users/sakshipatel29/received_events","type":"User","site_admin":false,"name":null,"company":null,"blog":"","location":null,"email":null,"hireable":null,"bio":null,"twitter_username":null,"public_repos":0,"public_gists":0,"followers":1,"following":1,"created_at":"2020-12-16T14:42:13Z","updated_at":"2024-07-14T15:41:04Z","private_gists":0,"total_private_repos":2,"owned_private_repos":2,"disk_usage":31157,"collaborators":1,"two_factor_authentication":false,"plan":{"name":"free","space":976562499,"collaborators":0,"private_repos":10000}}
[info] 
[info] ✔  Success! Logged into GitHub as sakshipatel29 
[info] 
